<?xml version="1.0" encoding="UTF-8"?>
<testng-results skipped="0" failed="0" ignored="0" total="1" passed="1">
  <reporter-output>
  </reporter-output>
  <suite name="SentrifugoV1" duration-ms="39779" started-at="2020-03-11T07:35:50Z" finished-at="2020-03-11T07:36:30Z">
    <groups>
    </groups>
    <test name="SentrifugoV1 App Test" duration-ms="39779" started-at="2020-03-11T07:35:50Z" finished-at="2020-03-11T07:36:30Z">
      <class name="com.sentrifugo.myInfo.testCases.TC_PersonalDetailsTest_003">
        <test-method status="PASS" signature="setUp(java.lang.String)[pri:0, instance:com.sentrifugo.myInfo.testCases.TC_PersonalDetailsTest_003@17c68925]" name="setUp" is-config="true" duration-ms="18858" started-at="2020-03-11T07:35:51Z" finished-at="2020-03-11T07:36:10Z">
          <params>
            <param index="0">
              <value>
                <![CDATA[chrome]]>
              </value>
            </param>
          </params>
          <reporter-output>
          </reporter-output>
        </test-method> <!-- setUp -->
        <test-method status="PASS" signature="editPersonalDetails()[pri:0, instance:com.sentrifugo.myInfo.testCases.TC_PersonalDetailsTest_003@17c68925]" name="editPersonalDetails" duration-ms="17755" started-at="2020-03-11T07:36:10Z" finished-at="2020-03-11T07:36:28Z">
          <reporter-output>
          </reporter-output>
        </test-method> <!-- editPersonalDetails -->
        <test-method status="PASS" signature="tearDown()[pri:0, instance:com.sentrifugo.myInfo.testCases.TC_PersonalDetailsTest_003@17c68925]" name="tearDown" is-config="true" duration-ms="2367" started-at="2020-03-11T07:36:28Z" finished-at="2020-03-11T07:36:30Z">
          <reporter-output>
          </reporter-output>
        </test-method> <!-- tearDown -->
      </class> <!-- com.sentrifugo.myInfo.testCases.TC_PersonalDetailsTest_003 -->
    </test> <!-- SentrifugoV1 App Test -->
  </suite> <!-- SentrifugoV1 -->
</testng-results>
