<?xml version="1.0" encoding="UTF-8"?>
<testng-results skipped="0" failed="0" ignored="0" total="1" passed="1">
  <reporter-output>
  </reporter-output>
  <suite name="SentrifugoV1" duration-ms="110637" started-at="2020-03-10T20:48:25Z" finished-at="2020-03-10T20:50:16Z">
    <groups>
    </groups>
    <test name="SentrifugoV1 App Test" duration-ms="110637" started-at="2020-03-10T20:48:25Z" finished-at="2020-03-10T20:50:16Z">
      <class name="com.sentrifugo.myInfo.testCases.TC_PersonalDetailsTest_003">
        <test-method status="PASS" signature="setUp(java.lang.String)[pri:0, instance:com.sentrifugo.myInfo.testCases.TC_PersonalDetailsTest_003@5442a311]" name="setUp" is-config="true" duration-ms="43084" started-at="2020-03-10T20:48:26Z" finished-at="2020-03-10T20:49:10Z">
          <params>
            <param index="0">
              <value>
                <![CDATA[chrome]]>
              </value>
            </param>
          </params>
          <reporter-output>
          </reporter-output>
        </test-method> <!-- setUp -->
        <test-method status="PASS" signature="editPersonalDetails()[pri:0, instance:com.sentrifugo.myInfo.testCases.TC_PersonalDetailsTest_003@5442a311]" name="editPersonalDetails" duration-ms="66185" started-at="2020-03-10T20:49:10Z" finished-at="2020-03-10T20:50:16Z">
          <reporter-output>
          </reporter-output>
        </test-method> <!-- editPersonalDetails -->
      </class> <!-- com.sentrifugo.myInfo.testCases.TC_PersonalDetailsTest_003 -->
    </test> <!-- SentrifugoV1 App Test -->
  </suite> <!-- SentrifugoV1 -->
</testng-results>
